[Licensing::Module] Trying to connect to existing licensing client channel...
Built from '6000.4/staging' branch; Version is '6000.4.4f1 (360f97ecca93) revision 3542935'; Using compiler version '194234433'; Build Type 'Release'
OS: 'Windows 11  (10.0.26200) Professional' Language: 'tr' Physical Memory: 14188 MB
[Licensing::IpcConnector] Successfully connected to: "LicenseClient-rabia" at "2026-04-25T19:32:49.6758175Z"
BatchMode: 1, IsHumanControllingUs: 0, StartBugReporterOnCrash: 0, Is64bit: 1
System  architecture: x64
Process architecture: x64
Date: 2026-04-25T19:32:49Z

COMMAND LINE ARGUMENTS:
C:\Program Files\Unity\Hub\Editor\6000.4.4f1\Editor\Unity.exe
-adb2
-batchMode
-noUpm
-name
AssetImportWorker15
-projectPath
C:/Users/rabia/OneDrive/Masaüstü/rabiacilginunitygame/rabiacilginunitygame_adventurer
-logFile
Logs/AssetImportWorker15.log
-srvPort
62802
-licensingIpc
LicenseClient-rabia
-force-d3d12
-job-worker-count
5
-background-job-worker-count
8
-gc-helper-count
1
-name
AssetImport
Successfully changed project path to: C:/Users/rabia/OneDrive/Masaüstü/rabiacilginunitygame/rabiacilginunitygame_adventurer
C:/Users/rabia/OneDrive/Masaüstü/rabiacilginunitygame/rabiacilginunitygame_adventurer
[UnityMemory] Configuration Parameters - Can be set up in boot.config
    "memorysetup-temp-allocator-size-gi-baking-worker=262144"
    "memorysetup-temp-allocator-size-gi-baking-worker=262144"
    "memorysetup-temp-allocator-size-gi-baking-worker=262144"
    "memorysetup-temp-allocator-size-gi-baking-worker=262144"
    "memorysetup-temp-allocator-size-gi-baking-worker=262144"
    "memorysetup-temp-allocator-size-nav-mesh-worker=65536"
    "memorysetup-temp-allocator-size-audio-worker=65536"
    "memorysetup-temp-allocator-size-cloud-worker=32768"
    "memorysetup-temp-allocator-size-gfx=262144"
    "memorysetup-temp-allocator-size-preload-manager=33554432"
    "memorysetup-temp-allocator-size-job-worker=262144"
    "memorysetup-temp-allocator-size-background-worker=32768"
    "memorysetup-allocator-temp-initial-block-size-main=262144"
    "memorysetup-allocator-temp-initial-block-size-worker=262144"
    "memorysetup-bucket-allocator-granularity=16"
    "memorysetup-bucket-allocator-bucket-count=8"
    "memorysetup-bucket-allocator-block-size=33554432"
    "memorysetup-bucket-allocator-block-count=8"
    "memorysetup-main-allocator-block-size=16777216"
    "memorysetup-thread-allocator-block-size=16777216"
    "memorysetup-gfx-main-allocator-block-size=16777216"
    "memorysetup-gfx-thread-allocator-block-size=16777216"
    "memorysetup-cache-allocator-block-size=4194304"
    "memorysetup-typetree-allocator-block-size=2097152"
    "memorysetup-profiler-bucket-allocator-granularity=16"
    "memorysetup-profiler-bucket-allocator-bucket-count=8"
    "memorysetup-profiler-bucket-allocator-block-size=33554432"
    "memorysetup-profiler-bucket-allocator-block-count=8"
    "memorysetup-profiler-allocator-block-size=16777216"
    "memorysetup-profiler-editor-allocator-block-size=1048576"
    "memorysetup-temp-allocator-size-main=16777216"
    "memorysetup-job-temp-allocator-block-size=2097152"
    "memorysetup-job-temp-allocator-block-size-background=1048576"
    "memorysetup-job-temp-allocator-reduction-small-platforms=262144"
Player connection [15148]  Target information:

Player connection [15148]  * "[IP] 192.168.1.155 [Port] 0 [Flags] 2 [Guid] 1742900299 [EditorId] 1742900299 [Version] 1048832 [Id] WindowsEditor(7,Carmilla) [Debug] 1 [PackageName] WindowsEditor [ProjectName] Editor" 

Player connection [15148] Host joined multi-casting on [225.0.0.222:54997]...
Player connection [15148] Host joined alternative multi-casting on [225.0.0.222:34997]...
JobSystem: Creating JobQueue using job-worker-count value 5
Input System module state changed to: Initialized.
[Physics::Module] Initialized fallback backend.
[Physics::Module] Id: 0xdecafbad
Library Redirect Path: Library/
[Physics::Module] Selected backend.
[Physics::Module] Name: PhysX
[Physics::Module] Id: 0xf2b8ea05
[Physics::Module] SDK Version: 4.1.2
[Physics::Module] Integration Version: 1.0.0
[Physics::Module] Threading Mode: Multi-Threaded
Refreshing native plugins compatible for Editor in 4.48 ms, found 4 plugins.
Initialize engine version: 6000.4.4f1 (360f97ecca93)
[Subsystems] Discovering subsystems at path C:/Program Files/Unity/Hub/Editor/6000.4.4f1/Editor/Data/Resources/UnitySubsystems
[Subsystems] Discovering subsystems at path C:/Users/rabia/OneDrive/Masaüstü/rabiacilginunitygame/rabiacilginunitygame_adventurer/Assets
Forcing GfxDevice: Direct3D 12
GfxDevice: creating device client; kGfxThreadingModeNonThreaded
d3d12: failed to query info queue interface (0x80004002).
Direct3D:
    Version:         Direct3D 12 [level 12.2]
    Renderer:        NVIDIA GeForce RTX 3050 Ti Laptop GPU (ID=0x25a0)
    Vendor:          NVIDIA
    VRAM:            3965 MB
    App VRAM Budget: 3370 MB
    Driver:          32.0.15.9621
Initialize mono
Mono path[0] = 'C:/Program Files/Unity/Hub/Editor/6000.4.4f1/Editor/Data/Managed'
Mono path[1] = 'C:/Program Files/Unity/Hub/Editor/6000.4.4f1/Editor/Data/MonoBleedingEdge/lib/mono/unityjit-win32'
Mono config path = 'C:/Program Files/Unity/Hub/Editor/6000.4.4f1/Editor/Data/MonoBleedingEdge/etc'
Using monoOptions --debugger-agent=transport=dt_socket,embedding=1,server=y,suspend=n,address=127.0.0.1:56864
CodeReloadManager initialized
Begin MonoManager ReloadAssembly
[Licensing::Client] Error: HandshakeResponse reported an error:
	ResponseCode: 505
	ResponseStatus: Unsupported protocol version '1.18.1'.
[Licensing::Module] Error: Failed to handshake to channel: "LicenseClient-rabia"
[Licensing::IpcConnector] LicenseClient-rabia channel disconnected successfully.
[Licensing::IpcConnector] Successfully connected to: "LicenseClient-rabia-6000.4.4" at "2026-04-25T19:32:50.9505438Z"
Registering precompiled unity dll's ...
Register platform support module: C:/Program Files/Unity/Hub/Editor/6000.4.4f1/Editor/Data/PlaybackEngines/WindowsStandaloneSupport/UnityEditor.WindowsStandalone.Extensions.dll
Registered in 0.003197 seconds.
Native extension for WindowsStandalone target not found
Package Manager log level set to [2]
[Package Manager] Failed to launch server process. Reason: Unity was launched with the -noUpm command-line argument
[Package Manager] Unable to send message (not connected to server process).
[Package Manager] Cannot connect to Unity Package Manager local server
ScheduleIndexationOnStartup MainProcess:False IndexOnStartup:True
Mono: successfully reloaded assembly
- Finished resetting the current domain, in  0.488 seconds
Domain Reload Profiling: 977ms
	BeginReloadAssembly (143ms)
	RebuildCommonClasses (40ms)
	RebuildNativeTypeToScriptingClass (12ms)
	initialDomainReloadingComplete (75ms)
	LoadAllAssembliesAndSetupDomain (217ms)
		LoadAssemblies (139ms)
		AnalyzeDomain (208ms)
			TypeCache.Refresh (206ms)
				TypeCache.ScanAssembly (192ms)
	FinalizeReload (490ms)
		SetupLoadedEditorAssemblies (0ms)
			InitializePlatformSupportModulesInManaged (53ms)
			BeforeProcessingInitializeOnLoad (92ms)
			ProcessInitializeOnLoadAttributes (120ms)
			ProcessInitializeOnLoadMethodAttributes (127ms)
========================================================================
Worker process is ready to serve import requests
Import Worker Mode flag is 0x00
Begin MonoManager ReloadAssembly
[Licensing::Module] Licensing is not yet initialized.
[Licensing::Client] Handshaking with LicensingClient:
  Version:                 1.18.1+9fbee8e
  Session Id:              f0df37b5734a487a9ce43b46ff2877c9
  Correlation Id:          48ad81060670be6cd35055be7e117786
  External correlation Id: 3061176612293103639
  Machine Id:              d21FMT1xiNXu7zt9KBEPZT1/MAs=
[Licensing::Module] Successfully connected to LicensingClient on channel: "LicenseClient-rabia-6000.4.4" (connect: 0.00s, validation: 0.00s, handshake: 1.27s)
[Licensing::IpcConnector] Successfully connected to: "LicenseClient-rabia-6000.4.4-notifications" at "2026-04-25T19:32:52.2253357Z"
[Licensing::Module] Licensing Background thread has ended after 2.55s
[Licensing::Module] Licensing is initialized (took 0.07s).
[Licensing::Client] Successfully resolved entitlement details
[Licensing::Module] License group:
  Id: 18966806831356-UnityPersXXXX
  Product: Unity Personal
  Type: Assigned
  Expiration: Unlimited
Assembly Assembly-CSharp-Editor-firstpass.dll at Library/ScriptAssemblies/Assembly-CSharp-Editor-firstpass.dll not valid. Loading of assembly skipped.
Assembly Assembly-CSharp-firstpass.dll at Library/ScriptAssemblies/Assembly-CSharp-firstpass.dll not valid. Loading of assembly skipped.
Assembly DocCodeExamples.dll at Library/ScriptAssemblies/DocCodeExamples.dll not valid. Loading of assembly skipped.
Assembly TestNewCustomAssembly.dll at Library/ScriptAssemblies/TestNewCustomAssembly.dll not valid. Loading of assembly skipped.
Assembly Unity.Collections.BurstCompatibilityGen.dll at Library/ScriptAssemblies/Unity.Collections.BurstCompatibilityGen.dll not valid. Loading of assembly skipped.
Assembly Unity.Collections.DocCodeSamples.dll at Library/ScriptAssemblies/Unity.Collections.DocCodeSamples.dll not valid. Loading of assembly skipped.
Assembly Unity.Collections.PerformanceTests.dll at Library/ScriptAssemblies/Unity.Collections.PerformanceTests.dll not valid. Loading of assembly skipped.
Assembly Unity.Collections.Tests.dll at Library/ScriptAssemblies/Unity.Collections.Tests.dll not valid. Loading of assembly skipped.
Assembly Unity.Collections.Tests.Playmode.dll at Library/ScriptAssemblies/Unity.Collections.Tests.Playmode.dll not valid. Loading of assembly skipped.
Assembly Unity.InputSystem.IntegrationTests.dll at Library/ScriptAssemblies/Unity.InputSystem.IntegrationTests.dll not valid. Loading of assembly skipped.
Assembly Unity.Mathematics.Tests.dll at Library/ScriptAssemblies/Unity.Mathematics.Tests.dll not valid. Loading of assembly skipped.
Assembly Unity.Multiplayer.Center.Editor.Tests.dll at Library/ScriptAssemblies/Unity.Multiplayer.Center.Editor.Tests.dll not valid. Loading of assembly skipped.
Assembly Unity.Multiplayer.Center.Tests.dll at Library/ScriptAssemblies/Unity.Multiplayer.Center.Tests.dll not valid. Loading of assembly skipped.
Assembly Unity.Nuget.Mono-Cecil.dll at Library/ScriptAssemblies/Unity.Nuget.Mono-Cecil.dll not valid. Loading of assembly skipped.
Assembly Unity.PathTracing.Editor.Tests.dll at Library/ScriptAssemblies/Unity.PathTracing.Editor.Tests.dll not valid. Loading of assembly skipped.
Assembly Unity.PathTracing.Runtime.Tests.dll at Library/ScriptAssemblies/Unity.PathTracing.Runtime.Tests.dll not valid. Loading of assembly skipped.
Assembly Unity.RenderPipelines.Core.Editor.Tests.dll at Library/ScriptAssemblies/Unity.RenderPipelines.Core.Editor.Tests.dll not valid. Loading of assembly skipped.
Assembly Unity.RenderPipelines.Core.Runtime.Tests.dll at Library/ScriptAssemblies/Unity.RenderPipelines.Core.Runtime.Tests.dll not valid. Loading of assembly skipped.
Assembly Unity.RenderPipelines.Universal.Config.Editor.Tests.dll at Library/ScriptAssemblies/Unity.RenderPipelines.Universal.Config.Editor.Tests.dll not valid. Loading of assembly skipped.
Assembly Unity.RenderPipelines.Universal.Editor.Tests.dll at Library/ScriptAssemblies/Unity.RenderPipelines.Universal.Editor.Tests.dll not valid. Loading of assembly skipped.
Assembly Unity.RenderPipelines.Universal.Runtime.Tests.dll at Library/ScriptAssemblies/Unity.RenderPipelines.Universal.Runtime.Tests.dll not valid. Loading of assembly skipped.
Assembly Unity.Searcher.EditorTests.dll at Library/ScriptAssemblies/Unity.Searcher.EditorTests.dll not valid. Loading of assembly skipped.
Assembly Unity.ShaderGraph.Editor.Tests.dll at Library/ScriptAssemblies/Unity.ShaderGraph.Editor.Tests.dll not valid. Loading of assembly skipped.
Assembly Unity.TextMeshPro.Editor.Tests.dll at Library/ScriptAssemblies/Unity.TextMeshPro.Editor.Tests.dll not valid. Loading of assembly skipped.
Assembly Unity.TextMeshPro.Tests.dll at Library/ScriptAssemblies/Unity.TextMeshPro.Tests.dll not valid. Loading of assembly skipped.
Assembly Unity.UnifiedRayTracing.Editor.Tests.dll at Library/ScriptAssemblies/Unity.UnifiedRayTracing.Editor.Tests.dll not valid. Loading of assembly skipped.
Assembly UnityEditor.UI.Common.Tests.dll at Library/ScriptAssemblies/UnityEditor.UI.Common.Tests.dll not valid. Loading of assembly skipped.
Assembly UnityEditor.UI.EditorTests.dll at Library/ScriptAssemblies/UnityEditor.UI.EditorTests.dll not valid. Loading of assembly skipped.
Assembly UnityEngine.UI.Tests.dll at Library/ScriptAssemblies/UnityEngine.UI.Tests.dll not valid. Loading of assembly skipped.
Refreshing native plugins compatible for Editor in 2.03 ms, found 4 plugins.
Native extension for WindowsStandalone target not found
[Package Manager] Failed to launch server process. Reason: Unity was launched with the -noUpm command-line argument
[Package Manager] Unable to send message (not connected to server process).
[Package Manager] Cannot connect to Unity Package Manager local server
Refreshing native plugins compatible for Editor in 2.79 ms, found 4 plugins.
[Package Manager] Failed to launch server process. Reason: Unity was launched with the -noUpm command-line argument
[Package Manager] Unable to send message (not connected to server process).
[Package Manager] Cannot connect to Unity Package Manager local server
ScheduleIndexationOnStartup MainProcess:False IndexOnStartup:True
Mono: successfully reloaded assembly
- Finished resetting the current domain, in  1.249 seconds
Domain Reload Profiling: 2585ms
	BeginReloadAssembly (367ms)
		DisableScriptedObjects (10ms)
		CreateAndSetChildDomain (47ms)
	RebuildCommonClasses (97ms)
	RebuildNativeTypeToScriptingClass (17ms)
	initialDomainReloadingComplete (155ms)
	LoadAllAssembliesAndSetupDomain (699ms)
		LoadAssemblies (552ms)
		AnalyzeDomain (309ms)
			TypeCache.Refresh (205ms)
				TypeCache.ScanAssembly (188ms)
			BuildScriptInfoCaches (90ms)
			ResolveRequiredComponents (12ms)
	FinalizeReload (1250ms)
		SetupLoadedEditorAssemblies (0ms)
			BeforeProcessingInitializeOnLoad (212ms)
			ProcessInitializeOnLoadAttributes (635ms)
			ProcessInitializeOnLoadMethodAttributes (113ms)
			AfterProcessingInitializeOnLoad (11ms)
		AwakeInstancesAfterBackupRestoration (10ms)
Launched and connected shader compiler UnityShaderCompiler.exe after 0.03 seconds
Refreshing native plugins compatible for Editor in 2.16 ms, found 4 plugins.
Unloading 24 Unused Serialized files (Serialized files now loaded: 0)
Unloading 6540 unused Assets / (5.8 MB). Loaded Objects now: 7366.
Memory consumption went from 153.5 MB to 147.6 MB.
Total: 9.926100 ms (FindLiveObjects: 0.881200 ms CreateObjectMapping: 0.833500 ms MarkObjects: 5.547500 ms  DeleteObjects: 2.661800 ms)

========================================================================
Received Import Request.
  Time since last request: 16657.464762 seconds.
  path: Assets/FullAssets/UI/Violet Theme Ui/NEW Panels/Design 2 Ribbon 1  YELLOW.png
  importAddress: Guid(074cf6faa2221db4f8ab14b481dce425) Importer(815301076,1909f56bfc062723c751e8b465ee728b)
Start importing Assets/FullAssets/UI/Violet Theme Ui/NEW Panels/Design 2 Ribbon 1  YELLOW.png using Guid(074cf6faa2221db4f8ab14b481dce425) Importer(815301076,1909f56bfc062723c751e8b465ee728b) (PreviewImporter) -> (Import Result ID: 'c29546f09de62ce43e541a6b238acf9a') in 0.1287539 seconds [static and dynamic dependencies]. Details - ImportResultOutputID=73e56d98cf0570cd228163fc110c18f4 DependenciesID=37755e7aea7f0c9fd06e87d930a410d2 StaticDependenciesID=8f7d11d77d346e10d9ae379163f1773f 
Number of updated asset objects reloaded before import = 0Number of asset objects unloaded after import = 3

========================================================================
Received Import Request.
  Time since last request: 0.000048 seconds.
  path: Assets/FullAssets/UI/Violet Theme Ui/NEW Panels/Design 2 Ribbon 2 YELLOW.png
  importAddress: Guid(cc4056ed5779f3e4390e89de71d88bc9) Importer(815301076,1909f56bfc062723c751e8b465ee728b)
Start importing Assets/FullAssets/UI/Violet Theme Ui/NEW Panels/Design 2 Ribbon 2 YELLOW.png using Guid(cc4056ed5779f3e4390e89de71d88bc9) Importer(815301076,1909f56bfc062723c751e8b465ee728b) (PreviewImporter) -> (Import Result ID: '112d3705324d2aa05a726eda0aeb483c') in 0.0431359 seconds [static and dynamic dependencies]. Details - ImportResultOutputID=edb53f2dd2de21ae214487115913f0db DependenciesID=0b9d3fa96601c7723bead63f9e9a2614 StaticDependenciesID=048cd2679da75fac98c13aa76fba5ab2 
Number of updated asset objects reloaded before import = 0Number of asset objects unloaded after import = 3

========================================================================
Received Import Request.
  Time since last request: 0.000039 seconds.
  path: Assets/FullAssets/UI/Violet Theme Ui/NEW Panels/Design 2 Ribbon 2 ORANGE.png
  importAddress: Guid(8e4e9bb1dc87934469ac13e3bc708157) Importer(815301076,1909f56bfc062723c751e8b465ee728b)
Start importing Assets/FullAssets/UI/Violet Theme Ui/NEW Panels/Design 2 Ribbon 2 ORANGE.png using Guid(8e4e9bb1dc87934469ac13e3bc708157) Importer(815301076,1909f56bfc062723c751e8b465ee728b) (PreviewImporter) -> (Import Result ID: 'd33cf473d39f71ab2a86dda586973692') in 0.0364005 seconds [static and dynamic dependencies]. Details - ImportResultOutputID=10cc4d8469a4306083e1d25b6d7ce686 DependenciesID=604fafdfb96ecb6d187f70402ceee86a StaticDependenciesID=cb4b1caa744f2ecf151c6fcbfde9397c 
Number of updated asset objects reloaded before import = 0Number of asset objects unloaded after import = 3

========================================================================
Received Import Request.
  Time since last request: 0.000024 seconds.
  path: Assets/FullAssets/UI/Violet Theme Ui/NEW Panels/Panel 1 PINK.png
  importAddress: Guid(97d33f331f77ab645ac1e452716afcfe) Importer(815301076,1909f56bfc062723c751e8b465ee728b)
Start importing Assets/FullAssets/UI/Violet Theme Ui/NEW Panels/Panel 1 PINK.png using Guid(97d33f331f77ab645ac1e452716afcfe) Importer(815301076,1909f56bfc062723c751e8b465ee728b) (PreviewImporter) -> (Import Result ID: '9167180f1a801a5a706a73a667003e0b') in 0.0233323 seconds [static and dynamic dependencies]. Details - ImportResultOutputID=e5ab6f459b34b4453460d87bc0d1f765 DependenciesID=ba0055f526244db5c9b0aa17580da399 StaticDependenciesID=bd5494a2718ebb651030a076d7435efa 
Number of updated asset objects reloaded before import = 0Number of asset objects unloaded after import = 3

========================================================================
Received Import Request.
  Time since last request: 0.000031 seconds.
  path: Assets/FullAssets/UI/Violet Theme Ui/NEW Panels/Panel 1 BLUE.png
  importAddress: Guid(4454caf787493e544bf0b333e0825ea1) Importer(815301076,1909f56bfc062723c751e8b465ee728b)
Start importing Assets/FullAssets/UI/Violet Theme Ui/NEW Panels/Panel 1 BLUE.png using Guid(4454caf787493e544bf0b333e0825ea1) Importer(815301076,1909f56bfc062723c751e8b465ee728b) (PreviewImporter) -> (Import Result ID: '8f6a4ce1a858e8bad38607ac4dd2f360') in 0.0237249 seconds [static and dynamic dependencies]. Details - ImportResultOutputID=cd695ed7d8313e14517f54e20a949cc0 DependenciesID=09ed74272471a52fd70e39efc122471b StaticDependenciesID=e13b4f8a81f69dc4d45d5c14e6768436 
Number of updated asset objects reloaded before import = 0Number of asset objects unloaded after import = 3

========================================================================
Received Import Request.
  Time since last request: 0.000034 seconds.
  path: Assets/FullAssets/UI/Violet Theme Ui/NEW Panels/Panel 1 ORANGE'.png
  importAddress: Guid(b42f785a045610b43a95dfda85beb851) Importer(815301076,1909f56bfc062723c751e8b465ee728b)
Start importing Assets/FullAssets/UI/Violet Theme Ui/NEW Panels/Panel 1 ORANGE'.png using Guid(b42f785a045610b43a95dfda85beb851) Importer(815301076,1909f56bfc062723c751e8b465ee728b) (PreviewImporter) -> (Import Result ID: '63fccb08838edcfd267510beaa43a86c') in 0.0309273 seconds [static and dynamic dependencies]. Details - ImportResultOutputID=c01f1ba7e13217150d227f8752b29cf0 DependenciesID=293faab5ebaf8a6ee80e70adb7c961b0 StaticDependenciesID=1ac6c72302477be1f6b8ce07f0cf2deb 
Number of updated asset objects reloaded before import = 0Number of asset objects unloaded after import = 3

========================================================================
Received Import Request.
  Time since last request: 0.000029 seconds.
  path: Assets/FullAssets/UI/Violet Theme Ui/NEW Panels/Design 2 Ribbon 1 PINK.png
  importAddress: Guid(d06c027fff932ac4d8e6e299f1bdff94) Importer(815301076,1909f56bfc062723c751e8b465ee728b)
Start importing Assets/FullAssets/UI/Violet Theme Ui/NEW Panels/Design 2 Ribbon 1 PINK.png using Guid(d06c027fff932ac4d8e6e299f1bdff94) Importer(815301076,1909f56bfc062723c751e8b465ee728b) (PreviewImporter) -> (Import Result ID: 'aeddd4d77208351b832b5cef8d9f549e') in 0.0270027 seconds [static and dynamic dependencies]. Details - ImportResultOutputID=3a6205a82b310b059e12d91b518c523d DependenciesID=ba7029a59841b94d3ea5e4803bea0569 StaticDependenciesID=ca95ce5fac435f30b71f3454d78fd325 
Number of updated asset objects reloaded before import = 0Number of asset objects unloaded after import = 3

========================================================================
Received Import Request.
  Time since last request: 0.000033 seconds.
  path: Assets/FullAssets/UI/Violet Theme Ui/NEW Panels/Design 2 Ribbon 2 BUBBLE GUM.png
  importAddress: Guid(3c231f82a6c4ec5409504599cf0ecefd) Importer(815301076,1909f56bfc062723c751e8b465ee728b)
Start importing Assets/FullAssets/UI/Violet Theme Ui/NEW Panels/Design 2 Ribbon 2 BUBBLE GUM.png using Guid(3c231f82a6c4ec5409504599cf0ecefd) Importer(815301076,1909f56bfc062723c751e8b465ee728b) (PreviewImporter) -> (Import Result ID: '915f40243022edf3b0d8b6304f40d6be') in 0.0256604 seconds [static and dynamic dependencies]. Details - ImportResultOutputID=af41dcef4ae12ee68957fed722aba422 DependenciesID=f62f0e9b1516c2f4029eaa9bea804adf StaticDependenciesID=c23c31faac8667a0ea8effadbc01bbe3 
Number of updated asset objects reloaded before import = 0Number of asset objects unloaded after import = 3

========================================================================
Received Import Request.
  Time since last request: 0.000039 seconds.
  path: Assets/FullAssets/UI/Violet Theme Ui/NEW Panels/Panel 1 RED.png
  importAddress: Guid(109558ba875bace41991b42e3200f526) Importer(815301076,1909f56bfc062723c751e8b465ee728b)
Start importing Assets/FullAssets/UI/Violet Theme Ui/NEW Panels/Panel 1 RED.png using Guid(109558ba875bace41991b42e3200f526) Importer(815301076,1909f56bfc062723c751e8b465ee728b) (PreviewImporter) -> (Import Result ID: '08bb57df4afb5651251c06ba06043be5') in 0.0280691 seconds [static and dynamic dependencies]. Details - ImportResultOutputID=e9abc8715c5b1a86c14d28ff6b226fba DependenciesID=6488825b6256cf7eb3b8696fa8e82623 StaticDependenciesID=dfeabd03927456120841cc3c14019d5d 
Number of updated asset objects reloaded before import = 0Number of asset objects unloaded after import = 3

========================================================================
Received Import Request.
  Time since last request: 0.000025 seconds.
  path: Assets/FullAssets/UI/Violet Theme Ui/NEW Panels/Panel 2 PINK.png
  importAddress: Guid(01189a4d50540ed4483f3d2a8920bdb2) Importer(815301076,1909f56bfc062723c751e8b465ee728b)
Start importing Assets/FullAssets/UI/Violet Theme Ui/NEW Panels/Panel 2 PINK.png using Guid(01189a4d50540ed4483f3d2a8920bdb2) Importer(815301076,1909f56bfc062723c751e8b465ee728b) (PreviewImporter) -> (Import Result ID: 'a3e34ab7715ac90e0fbb9e1754cbad19') in 0.0255332 seconds [static and dynamic dependencies]. Details - ImportResultOutputID=fec0170549efc72df654c57ad25eaef7 DependenciesID=7caa04120df82c326ef7cce8fe3854fe StaticDependenciesID=92e7415112327a6f3774af4328461ea6 
Number of updated asset objects reloaded before import = 0Number of asset objects unloaded after import = 3

Editor requested this worker to shutdown with reason: Scaling down because of idle timeout
AssetImportWorker is now disconnected from the server
Process exiting
Exiting without the bug reporter. Application will terminate with return code 0