[Licensing::Module] Trying to connect to existing licensing client channel...
Built from '6000.4/staging' branch; Version is '6000.4.4f1 (360f97ecca93) revision 3542935'; Using compiler version '194234433'; Build Type 'Release'
OS: 'Windows 11  (10.0.26200) Professional' Language: 'tr' Physical Memory: 14188 MB
[Licensing::IpcConnector] Successfully connected to: "LicenseClient-rabia" at "2026-04-25T16:30:03.4662501Z"
BatchMode: 1, IsHumanControllingUs: 0, StartBugReporterOnCrash: 0, Is64bit: 1
System  architecture: x64
Process architecture: x64
Date: 2026-04-25T16:30:03Z

COMMAND LINE ARGUMENTS:
C:\Program Files\Unity\Hub\Editor\6000.4.4f1\Editor\Unity.exe
-adb2
-batchMode
-noUpm
-name
AssetImportWorker7
-projectPath
C:/Users/rabia/OneDrive/Masaüstü/rabiacilginunitygame/rabiacilginunitygame_adventurer
-logFile
Logs/AssetImportWorker7.log
-srvPort
62802
-licensingIpc
LicenseClient-rabia
-force-d3d12
-job-worker-count
5
-background-job-worker-count
8
-gc-helper-count
1
-name
AssetImport
Successfully changed project path to: C:/Users/rabia/OneDrive/Masaüstü/rabiacilginunitygame/rabiacilginunitygame_adventurer
C:/Users/rabia/OneDrive/Masaüstü/rabiacilginunitygame/rabiacilginunitygame_adventurer
[UnityMemory] Configuration Parameters - Can be set up in boot.config
    "memorysetup-temp-allocator-size-gi-baking-worker=262144"
    "memorysetup-temp-allocator-size-gi-baking-worker=262144"
    "memorysetup-temp-allocator-size-gi-baking-worker=262144"
    "memorysetup-temp-allocator-size-gi-baking-worker=262144"
    "memorysetup-temp-allocator-size-gi-baking-worker=262144"
    "memorysetup-temp-allocator-size-nav-mesh-worker=65536"
    "memorysetup-temp-allocator-size-audio-worker=65536"
    "memorysetup-temp-allocator-size-cloud-worker=32768"
    "memorysetup-temp-allocator-size-gfx=262144"
    "memorysetup-temp-allocator-size-preload-manager=33554432"
    "memorysetup-temp-allocator-size-job-worker=262144"
    "memorysetup-temp-allocator-size-background-worker=32768"
    "memorysetup-allocator-temp-initial-block-size-main=262144"
    "memorysetup-allocator-temp-initial-block-size-worker=262144"
    "memorysetup-bucket-allocator-granularity=16"
    "memorysetup-bucket-allocator-bucket-count=8"
    "memorysetup-bucket-allocator-block-size=33554432"
    "memorysetup-bucket-allocator-block-count=8"
    "memorysetup-main-allocator-block-size=16777216"
    "memorysetup-thread-allocator-block-size=16777216"
    "memorysetup-gfx-main-allocator-block-size=16777216"
    "memorysetup-gfx-thread-allocator-block-size=16777216"
    "memorysetup-cache-allocator-block-size=4194304"
    "memorysetup-typetree-allocator-block-size=2097152"
    "memorysetup-profiler-bucket-allocator-granularity=16"
    "memorysetup-profiler-bucket-allocator-bucket-count=8"
    "memorysetup-profiler-bucket-allocator-block-size=33554432"
    "memorysetup-profiler-bucket-allocator-block-count=8"
    "memorysetup-profiler-allocator-block-size=16777216"
    "memorysetup-profiler-editor-allocator-block-size=1048576"
    "memorysetup-temp-allocator-size-main=16777216"
    "memorysetup-job-temp-allocator-block-size=2097152"
    "memorysetup-job-temp-allocator-block-size-background=1048576"
    "memorysetup-job-temp-allocator-reduction-small-platforms=262144"
Player connection [11612]  Target information:

Player connection [11612]  * "[IP] 192.168.1.155 [Port] 0 [Flags] 2 [Guid] 362512463 [EditorId] 362512463 [Version] 1048832 [Id] WindowsEditor(7,Carmilla) [Debug] 1 [PackageName] WindowsEditor [ProjectName] Editor" 

Player connection [11612] Host joined multi-casting on [225.0.0.222:54997]...
Player connection [11612] Host joined alternative multi-casting on [225.0.0.222:34997]...
JobSystem: Creating JobQueue using job-worker-count value 5
Input System module state changed to: Initialized.
[Physics::Module] Initialized fallback backend.
[Physics::Module] Id: 0xdecafbad
Library Redirect Path: Library/
[Physics::Module] Selected backend.
[Physics::Module] Name: PhysX
[Physics::Module] Id: 0xf2b8ea05
[Physics::Module] SDK Version: 4.1.2
[Physics::Module] Integration Version: 1.0.0
[Physics::Module] Threading Mode: Multi-Threaded
Refreshing native plugins compatible for Editor in 6.36 ms, found 4 plugins.
Initialize engine version: 6000.4.4f1 (360f97ecca93)
[Subsystems] Discovering subsystems at path C:/Program Files/Unity/Hub/Editor/6000.4.4f1/Editor/Data/Resources/UnitySubsystems
[Subsystems] Discovering subsystems at path C:/Users/rabia/OneDrive/Masaüstü/rabiacilginunitygame/rabiacilginunitygame_adventurer/Assets
Forcing GfxDevice: Direct3D 12
GfxDevice: creating device client; kGfxThreadingModeNonThreaded
d3d12: failed to query info queue interface (0x80004002).
Direct3D:
    Version:         Direct3D 12 [level 12.2]
    Renderer:        NVIDIA GeForce RTX 3050 Ti Laptop GPU (ID=0x25a0)
    Vendor:          NVIDIA
    VRAM:            3965 MB
    App VRAM Budget: 3370 MB
    Driver:          32.0.15.9621
Initialize mono
Mono path[0] = 'C:/Program Files/Unity/Hub/Editor/6000.4.4f1/Editor/Data/Managed'
Mono path[1] = 'C:/Program Files/Unity/Hub/Editor/6000.4.4f1/Editor/Data/MonoBleedingEdge/lib/mono/unityjit-win32'
Mono config path = 'C:/Program Files/Unity/Hub/Editor/6000.4.4f1/Editor/Data/MonoBleedingEdge/etc'
Using monoOptions --debugger-agent=transport=dt_socket,embedding=1,server=y,suspend=n,address=127.0.0.1:56092
CodeReloadManager initialized
Begin MonoManager ReloadAssembly
Registering precompiled unity dll's ...
Register platform support module: C:/Program Files/Unity/Hub/Editor/6000.4.4f1/Editor/Data/PlaybackEngines/WindowsStandaloneSupport/UnityEditor.WindowsStandalone.Extensions.dll
Registered in 0.002107 seconds.
[Licensing::Client] Error: HandshakeResponse reported an error:
	ResponseCode: 505
	ResponseStatus: Unsupported protocol version '1.18.1'.
[Licensing::Module] Error: Failed to handshake to channel: "LicenseClient-rabia"
[Licensing::IpcConnector] LicenseClient-rabia channel disconnected successfully.
[Licensing::IpcConnector] Successfully connected to: "LicenseClient-rabia-6000.4.4" at "2026-04-25T16:30:04.6715348Z"
Native extension for WindowsStandalone target not found
Package Manager log level set to [2]
[Package Manager] Failed to launch server process. Reason: Unity was launched with the -noUpm command-line argument
[Package Manager] Unable to send message (not connected to server process).
[Package Manager] Cannot connect to Unity Package Manager local server
ScheduleIndexationOnStartup MainProcess:False IndexOnStartup:True
Mono: successfully reloaded assembly
- Finished resetting the current domain, in  0.459 seconds
Domain Reload Profiling: 926ms
	BeginReloadAssembly (130ms)
	RebuildCommonClasses (40ms)
	RebuildNativeTypeToScriptingClass (13ms)
	initialDomainReloadingComplete (76ms)
	LoadAllAssembliesAndSetupDomain (207ms)
		LoadAssemblies (125ms)
		AnalyzeDomain (195ms)
			TypeCache.Refresh (194ms)
				TypeCache.ScanAssembly (180ms)
	FinalizeReload (461ms)
		SetupLoadedEditorAssemblies (0ms)
			InitializePlatformSupportModulesInManaged (50ms)
			BeforeProcessingInitializeOnLoad (101ms)
			ProcessInitializeOnLoadAttributes (120ms)
			ProcessInitializeOnLoadMethodAttributes (106ms)
========================================================================
Worker process is ready to serve import requests
Import Worker Mode flag is 0x00
[Licensing::Client] Handshaking with LicensingClient:
  Version:                 1.18.1+9fbee8e
  Session Id:              743140025bab43c68e65189f41de54fc
  Correlation Id:          48ad81060670be6cd35055be7e117786
  External correlation Id: 6355571128409564946
  Machine Id:              d21FMT1xiNXu7zt9KBEPZT1/MAs=
[Licensing::Module] Successfully connected to LicensingClient on channel: "LicenseClient-rabia-6000.4.4" (connect: 0.00s, validation: 0.00s, handshake: 0.97s)
[Licensing::IpcConnector] Successfully connected to: "LicenseClient-rabia-6000.4.4-notifications" at "2026-04-25T16:30:05.6409416Z"
[Licensing::Module] Licensing Background thread has ended after 2.17s
Begin MonoManager ReloadAssembly
[Licensing::Client] Successfully resolved entitlement details
[Licensing::Module] License group:
  Id: 18966806831356-UnityPersXXXX
  Product: Unity Personal
  Type: Assigned
  Expiration: Unlimited
Assembly Assembly-CSharp-Editor-firstpass.dll at Library/ScriptAssemblies/Assembly-CSharp-Editor-firstpass.dll not valid. Loading of assembly skipped.
Assembly Assembly-CSharp-firstpass.dll at Library/ScriptAssemblies/Assembly-CSharp-firstpass.dll not valid. Loading of assembly skipped.
Assembly DocCodeExamples.dll at Library/ScriptAssemblies/DocCodeExamples.dll not valid. Loading of assembly skipped.
Assembly TestNewCustomAssembly.dll at Library/ScriptAssemblies/TestNewCustomAssembly.dll not valid. Loading of assembly skipped.
Assembly Unity.Collections.BurstCompatibilityGen.dll at Library/ScriptAssemblies/Unity.Collections.BurstCompatibilityGen.dll not valid. Loading of assembly skipped.
Assembly Unity.Collections.DocCodeSamples.dll at Library/ScriptAssemblies/Unity.Collections.DocCodeSamples.dll not valid. Loading of assembly skipped.
Assembly Unity.Collections.PerformanceTests.dll at Library/ScriptAssemblies/Unity.Collections.PerformanceTests.dll not valid. Loading of assembly skipped.
Assembly Unity.Collections.Tests.dll at Library/ScriptAssemblies/Unity.Collections.Tests.dll not valid. Loading of assembly skipped.
Assembly Unity.Collections.Tests.Playmode.dll at Library/ScriptAssemblies/Unity.Collections.Tests.Playmode.dll not valid. Loading of assembly skipped.
Assembly Unity.InputSystem.IntegrationTests.dll at Library/ScriptAssemblies/Unity.InputSystem.IntegrationTests.dll not valid. Loading of assembly skipped.
Assembly Unity.Mathematics.Tests.dll at Library/ScriptAssemblies/Unity.Mathematics.Tests.dll not valid. Loading of assembly skipped.
Assembly Unity.Multiplayer.Center.Editor.Tests.dll at Library/ScriptAssemblies/Unity.Multiplayer.Center.Editor.Tests.dll not valid. Loading of assembly skipped.
Assembly Unity.Multiplayer.Center.Tests.dll at Library/ScriptAssemblies/Unity.Multiplayer.Center.Tests.dll not valid. Loading of assembly skipped.
Assembly Unity.Nuget.Mono-Cecil.dll at Library/ScriptAssemblies/Unity.Nuget.Mono-Cecil.dll not valid. Loading of assembly skipped.
Assembly Unity.PathTracing.Editor.Tests.dll at Library/ScriptAssemblies/Unity.PathTracing.Editor.Tests.dll not valid. Loading of assembly skipped.
Assembly Unity.PathTracing.Runtime.Tests.dll at Library/ScriptAssemblies/Unity.PathTracing.Runtime.Tests.dll not valid. Loading of assembly skipped.
Assembly Unity.RenderPipelines.Core.Editor.Tests.dll at Library/ScriptAssemblies/Unity.RenderPipelines.Core.Editor.Tests.dll not valid. Loading of assembly skipped.
Assembly Unity.RenderPipelines.Core.Runtime.Tests.dll at Library/ScriptAssemblies/Unity.RenderPipelines.Core.Runtime.Tests.dll not valid. Loading of assembly skipped.
Assembly Unity.RenderPipelines.Universal.Config.Editor.Tests.dll at Library/ScriptAssemblies/Unity.RenderPipelines.Universal.Config.Editor.Tests.dll not valid. Loading of assembly skipped.
Assembly Unity.RenderPipelines.Universal.Editor.Tests.dll at Library/ScriptAssemblies/Unity.RenderPipelines.Universal.Editor.Tests.dll not valid. Loading of assembly skipped.
Assembly Unity.RenderPipelines.Universal.Runtime.Tests.dll at Library/ScriptAssemblies/Unity.RenderPipelines.Universal.Runtime.Tests.dll not valid. Loading of assembly skipped.
Assembly Unity.Searcher.EditorTests.dll at Library/ScriptAssemblies/Unity.Searcher.EditorTests.dll not valid. Loading of assembly skipped.
Assembly Unity.ShaderGraph.Editor.Tests.dll at Library/ScriptAssemblies/Unity.ShaderGraph.Editor.Tests.dll not valid. Loading of assembly skipped.
Assembly Unity.TextMeshPro.Editor.Tests.dll at Library/ScriptAssemblies/Unity.TextMeshPro.Editor.Tests.dll not valid. Loading of assembly skipped.
Assembly Unity.TextMeshPro.Tests.dll at Library/ScriptAssemblies/Unity.TextMeshPro.Tests.dll not valid. Loading of assembly skipped.
Assembly Unity.UnifiedRayTracing.Editor.Tests.dll at Library/ScriptAssemblies/Unity.UnifiedRayTracing.Editor.Tests.dll not valid. Loading of assembly skipped.
Assembly UnityEditor.UI.Common.Tests.dll at Library/ScriptAssemblies/UnityEditor.UI.Common.Tests.dll not valid. Loading of assembly skipped.
Assembly UnityEditor.UI.EditorTests.dll at Library/ScriptAssemblies/UnityEditor.UI.EditorTests.dll not valid. Loading of assembly skipped.
Assembly UnityEngine.UI.Tests.dll at Library/ScriptAssemblies/UnityEngine.UI.Tests.dll not valid. Loading of assembly skipped.
Refreshing native plugins compatible for Editor in 2.04 ms, found 4 plugins.
Native extension for WindowsStandalone target not found
[Package Manager] Failed to launch server process. Reason: Unity was launched with the -noUpm command-line argument
[Package Manager] Unable to send message (not connected to server process).
[Package Manager] Cannot connect to Unity Package Manager local server
Refreshing native plugins compatible for Editor in 2.85 ms, found 4 plugins.
[Package Manager] Failed to launch server process. Reason: Unity was launched with the -noUpm command-line argument
[Package Manager] Unable to send message (not connected to server process).
[Package Manager] Cannot connect to Unity Package Manager local server
ScheduleIndexationOnStartup MainProcess:False IndexOnStartup:True
Mono: successfully reloaded assembly
- Finished resetting the current domain, in  0.999 seconds
Domain Reload Profiling: 1952ms
	BeginReloadAssembly (203ms)
		DisableScriptedObjects (6ms)
		CreateAndSetChildDomain (34ms)
	RebuildCommonClasses (38ms)
	RebuildNativeTypeToScriptingClass (12ms)
	initialDomainReloadingComplete (82ms)
	LoadAllAssembliesAndSetupDomain (617ms)
		LoadAssemblies (455ms)
		AnalyzeDomain (270ms)
			TypeCache.Refresh (181ms)
				TypeCache.ScanAssembly (166ms)
			BuildScriptInfoCaches (78ms)
			ResolveRequiredComponents (10ms)
	FinalizeReload (1000ms)
		SetupLoadedEditorAssemblies (0ms)
			BeforeProcessingInitializeOnLoad (165ms)
			ProcessInitializeOnLoadAttributes (518ms)
			ProcessInitializeOnLoadMethodAttributes (75ms)
			AfterProcessingInitializeOnLoad (8ms)
		AwakeInstancesAfterBackupRestoration (8ms)
Launched and connected shader compiler UnityShaderCompiler.exe after 0.01 seconds
Refreshing native plugins compatible for Editor in 2.13 ms, found 4 plugins.
Unloading 24 Unused Serialized files (Serialized files now loaded: 0)
Unloading 6540 unused Assets / (5.3 MB). Loaded Objects now: 7365.
Memory consumption went from 155.1 MB to 149.8 MB.
Total: 8.671400 ms (FindLiveObjects: 0.700700 ms CreateObjectMapping: 0.381600 ms MarkObjects: 5.396200 ms  DeleteObjects: 2.190200 ms)

========================================================================
Received Import Request.
  Time since last request: 5779.680697 seconds.
  path: Assets/FullAssets/Proxy Games/Stylized Nature Kit Lite/Terrain/Grass.terrainlayer
  importAddress: Guid(c371eccb4fab1f74f84b8261d558a313) Importer(815301076,1909f56bfc062723c751e8b465ee728b)
Start importing Assets/FullAssets/Proxy Games/Stylized Nature Kit Lite/Terrain/Grass.terrainlayer using Guid(c371eccb4fab1f74f84b8261d558a313) Importer(815301076,1909f56bfc062723c751e8b465ee728b) (PreviewImporter) -> (Import Result ID: '1bd38077b616395fac9e769aa86bfdbf') in 0.0975583 seconds [static and dynamic dependencies]. Details - ImportResultOutputID=7edf86800dabd39af08020774c9894c7 DependenciesID=51ae8ed29e1b666cf60dcfef5d13e343 StaticDependenciesID=c8f2c2d734296bdb6a0e194d974e9e7e 
Number of updated asset objects reloaded before import = 0Number of asset objects unloaded after import = 2

========================================================================
Received Import Request.
  Time since last request: 0.000044 seconds.
  path: Assets/FullAssets/Proxy Games/Stylized Nature Kit Lite/Terrain/Sand.terrainlayer
  importAddress: Guid(063d483cd7844934a88399fdc83e2052) Importer(815301076,1909f56bfc062723c751e8b465ee728b)
Start importing Assets/FullAssets/Proxy Games/Stylized Nature Kit Lite/Terrain/Sand.terrainlayer using Guid(063d483cd7844934a88399fdc83e2052) Importer(815301076,1909f56bfc062723c751e8b465ee728b) (PreviewImporter) -> (Import Result ID: 'b7e87ad0ff0d0d9bc9138ac1e70e2a0e') in 0.0319343 seconds [static and dynamic dependencies]. Details - ImportResultOutputID=022b61bad6c861fb3cd87950680ab373 DependenciesID=3d83a802b35f66d34f632b68c4c93ea9 StaticDependenciesID=8be640c3dbf3273bdbf5e24a39916dcc 
Number of updated asset objects reloaded before import = 0Number of asset objects unloaded after import = 2

========================================================================
Received Import Request.
  Time since last request: 0.000033 seconds.
  path: Assets/FullAssets/Proxy Games/Stylized Nature Kit Lite/Terrain/Rock.terrainlayer
  importAddress: Guid(fa38c335dae49c84a9646b141e9e88ae) Importer(815301076,1909f56bfc062723c751e8b465ee728b)
Start importing Assets/FullAssets/Proxy Games/Stylized Nature Kit Lite/Terrain/Rock.terrainlayer using Guid(fa38c335dae49c84a9646b141e9e88ae) Importer(815301076,1909f56bfc062723c751e8b465ee728b) (PreviewImporter) -> (Import Result ID: '0b920ec16baf61989e350145cdf0c862') in 0.022445 seconds [static and dynamic dependencies]. Details - ImportResultOutputID=cf879f467972963b26730e06b65fe908 DependenciesID=afab8b23f7c7c273ef28e63a4f0f7849 StaticDependenciesID=d0eda851412e8755a486346f2fc9c6e5 
Number of updated asset objects reloaded before import = 0Number of asset objects unloaded after import = 2

========================================================================
Received Import Request.
  Time since last request: 4.108086 seconds.
  path: Assets/FullAssets/Proxy Games/Stylized Nature Kit Lite/Textures/Color Palette.png
  importAddress: Guid(7a7b50c8e3f46334b94675bfece2d781) Importer(815301076,1909f56bfc062723c751e8b465ee728b)
Start importing Assets/FullAssets/Proxy Games/Stylized Nature Kit Lite/Textures/Color Palette.png using Guid(7a7b50c8e3f46334b94675bfece2d781) Importer(815301076,1909f56bfc062723c751e8b465ee728b) (PreviewImporter) -> (Import Result ID: '6ea142b2050a75b47eeb7ed94ee5a0fd') in 0.0485167 seconds [static and dynamic dependencies]. Details - ImportResultOutputID=2a8fe884b8e7e625633ed18a5a151507 DependenciesID=5cc2ac9abcedb002818aaa399ff19b89 StaticDependenciesID=54c72dbb36dcd24142fc8c0a65681499 
Number of updated asset objects reloaded before import = 0Number of asset objects unloaded after import = 2

========================================================================
Received Import Request.
  Time since last request: 0.000024 seconds.
  path: Assets/FullAssets/Proxy Games/Stylized Nature Kit Lite/Textures/Grid.png
  importAddress: Guid(2879d0805d9795e48aca6ea6eb5f8db9) Importer(815301076,1909f56bfc062723c751e8b465ee728b)
Start importing Assets/FullAssets/Proxy Games/Stylized Nature Kit Lite/Textures/Grid.png using Guid(2879d0805d9795e48aca6ea6eb5f8db9) Importer(815301076,1909f56bfc062723c751e8b465ee728b) (PreviewImporter) -> (Import Result ID: 'eb1b3dbd54ea16f9d20fc0b0176302b6') in 0.0276179 seconds [static and dynamic dependencies]. Details - ImportResultOutputID=c26f19a556e2d541248b31972c37f65e DependenciesID=a6849e5e309bdcddd29d1aeeefce7c1c StaticDependenciesID=e83fa463eeeeb274735992c2bf5028fe 
Number of updated asset objects reloaded before import = 0Number of asset objects unloaded after import = 2

========================================================================
Received Import Request.
  Time since last request: 0.000037 seconds.
  path: Assets/FullAssets/Proxy Games/Stylized Nature Kit Lite/Textures/Terrain Grass.png
  importAddress: Guid(51487f115253bea4099917c031e9fc72) Importer(815301076,1909f56bfc062723c751e8b465ee728b)
Start importing Assets/FullAssets/Proxy Games/Stylized Nature Kit Lite/Textures/Terrain Grass.png using Guid(51487f115253bea4099917c031e9fc72) Importer(815301076,1909f56bfc062723c751e8b465ee728b) (PreviewImporter) -> (Import Result ID: '603ac9b2d5f0c89f9b61a6299d4c8252') in 0.0298672 seconds [static and dynamic dependencies]. Details - ImportResultOutputID=36644430791cb1f0447fb3fa5d90d029 DependenciesID=c38ebfcb7fbd639140dd0367cca74fe7 StaticDependenciesID=cde3155c197e02a4b438485c55207c03 
Number of updated asset objects reloaded before import = 0Number of asset objects unloaded after import = 2

========================================================================
Received Import Request.
  Time since last request: 0.000017 seconds.
  path: Assets/FullAssets/Proxy Games/Stylized Nature Kit Lite/Textures/Flower Leaf.png
  importAddress: Guid(4e1b20f4080510a45883db6795845e28) Importer(815301076,1909f56bfc062723c751e8b465ee728b)
Start importing Assets/FullAssets/Proxy Games/Stylized Nature Kit Lite/Textures/Flower Leaf.png using Guid(4e1b20f4080510a45883db6795845e28) Importer(815301076,1909f56bfc062723c751e8b465ee728b) (PreviewImporter) -> (Import Result ID: '94e459e001ce2d926c1f0be0d8f249f2') in 0.0243975 seconds [static and dynamic dependencies]. Details - ImportResultOutputID=4e7ca41d54bbc6c44bea056eb5cf09cf DependenciesID=b22762b1a02c0bf999706b3723da5b1e StaticDependenciesID=dd800d35c007bce2de03be569e6727bd 
Number of updated asset objects reloaded before import = 0Number of asset objects unloaded after import = 2

========================================================================
Received Import Request.
  Time since last request: 0.000032 seconds.
  path: Assets/FullAssets/Proxy Games/Stylized Nature Kit Lite/Textures/Terrain Rock.png
  importAddress: Guid(62b86bcfffa0aca4d9d67620fe50727a) Importer(815301076,1909f56bfc062723c751e8b465ee728b)
Start importing Assets/FullAssets/Proxy Games/Stylized Nature Kit Lite/Textures/Terrain Rock.png using Guid(62b86bcfffa0aca4d9d67620fe50727a) Importer(815301076,1909f56bfc062723c751e8b465ee728b) (PreviewImporter) -> (Import Result ID: '685ed20f5d422ecb7018b4a409cbfa35') in 0.0218614 seconds [static and dynamic dependencies]. Details - ImportResultOutputID=3f0801b5132bcaadac57c807f940508e DependenciesID=277c69e4936759df31a4d6fa92c07317 StaticDependenciesID=d4d82b8d59a14928175f00ed2e4e5253 
Number of updated asset objects reloaded before import = 0Number of asset objects unloaded after import = 2

========================================================================
Received Import Request.
  Time since last request: 0.000024 seconds.
  path: Assets/FullAssets/Proxy Games/Stylized Nature Kit Lite/Textures/Flower.png
  importAddress: Guid(acabc7080beed88498a866b9b521c865) Importer(815301076,1909f56bfc062723c751e8b465ee728b)
Start importing Assets/FullAssets/Proxy Games/Stylized Nature Kit Lite/Textures/Flower.png using Guid(acabc7080beed88498a866b9b521c865) Importer(815301076,1909f56bfc062723c751e8b465ee728b) (PreviewImporter) -> (Import Result ID: '91547a7fe3339840e603d4960bed6b3d') in 0.020958 seconds [static and dynamic dependencies]. Details - ImportResultOutputID=3024645f437314bdbf39a0567eb93681 DependenciesID=e1ffaeb08ed8d1149a65da266822d661 StaticDependenciesID=eff023f01724db8cf50360de571c5b75 
Number of updated asset objects reloaded before import = 0Number of asset objects unloaded after import = 2

========================================================================
Received Import Request.
  Time since last request: 70.967715 seconds.
  path: Assets/FullAssets/Proxy Games/Stylized Nature Kit Lite/Meshes/Water/Flat Water.fbx
  importAddress: Guid(85d113e10ceabf442b1ed61ade7d3b06) Importer(815301076,1909f56bfc062723c751e8b465ee728b)
Start importing Assets/FullAssets/Proxy Games/Stylized Nature Kit Lite/Meshes/Water/Flat Water.fbx using Guid(85d113e10ceabf442b1ed61ade7d3b06) Importer(815301076,1909f56bfc062723c751e8b465ee728b) (PreviewImporter)MaterialLocation.External is obsolete. External Material Location is no longer supported. (Assets/FullAssets/Proxy Games/Stylized Nature Kit Lite/Meshes/Water/Flat Water.fbx)
 -> (Import Result ID: '184b9df8b6dc10d944a57c493a2ab18e') in 0.5285247 seconds [static and dynamic dependencies]. Details - ImportResultOutputID=9626c1c29c6b7b31a58ba6baa98b860d DependenciesID=9083b409820201937f651b45e2471d26 StaticDependenciesID=7f63f3ce6149a0f92947f5d452d47632 
Number of updated asset objects reloaded before import = 0Number of asset objects unloaded after import = 8

========================================================================
Received Import Request.
  Time since last request: 576.006943 seconds.
  path: Assets/FullAssets/Proxy Games/Stylized Nature Kit Lite/Meshes/Rocks/Rock Cliffs/Rock Cliff 2.fbx
  importAddress: Guid(2f06370038ed47c43a43d7b7e30f7b23) Importer(815301076,1909f56bfc062723c751e8b465ee728b)
Start importing Assets/FullAssets/Proxy Games/Stylized Nature Kit Lite/Meshes/Rocks/Rock Cliffs/Rock Cliff 2.fbx using Guid(2f06370038ed47c43a43d7b7e30f7b23) Importer(815301076,1909f56bfc062723c751e8b465ee728b) (PreviewImporter)MaterialLocation.External is obsolete. External Material Location is no longer supported. (Assets/FullAssets/Proxy Games/Stylized Nature Kit Lite/Meshes/Rocks/Rock Cliffs/Rock Cliff 2.fbx)
 -> (Import Result ID: '7ef3aaec72ffa7c81c2229619b23300e') in 0.2700883 seconds [static and dynamic dependencies]. Details - ImportResultOutputID=e0a284ec37700bc78a1ab3377d69eca7 DependenciesID=7e2637645744847e513858a3bc287ce4 StaticDependenciesID=f6cfae9c062f7f329e280bad1b495b46 
Number of updated asset objects reloaded before import = 0Number of asset objects unloaded after import = 27

========================================================================
Received Import Request.
  Time since last request: 0.000035 seconds.
  path: Assets/FullAssets/Proxy Games/Stylized Nature Kit Lite/Meshes/Rocks/Rock Cliffs/Rock Cliff 4.fbx
  importAddress: Guid(22394c2ced239844aaa591e316acccfc) Importer(815301076,1909f56bfc062723c751e8b465ee728b)
Start importing Assets/FullAssets/Proxy Games/Stylized Nature Kit Lite/Meshes/Rocks/Rock Cliffs/Rock Cliff 4.fbx using Guid(22394c2ced239844aaa591e316acccfc) Importer(815301076,1909f56bfc062723c751e8b465ee728b) (PreviewImporter)MaterialLocation.External is obsolete. External Material Location is no longer supported. (Assets/FullAssets/Proxy Games/Stylized Nature Kit Lite/Meshes/Rocks/Rock Cliffs/Rock Cliff 4.fbx)
 -> (Import Result ID: 'f019aba8adb31821a8938ca7439895ba') in 0.0934864 seconds [static and dynamic dependencies]. Details - ImportResultOutputID=2554e611cbab2d2659b12b5291c3b923 DependenciesID=cb8bfce70897db342f5d3fff3f4ca278 StaticDependenciesID=cb883581d90c9b0375c766e7101fa580 
Number of updated asset objects reloaded before import = 0Number of asset objects unloaded after import = 27

========================================================================
Received Import Request.
  Time since last request: 0.000049 seconds.
  path: Assets/FullAssets/Proxy Games/Stylized Nature Kit Lite/Meshes/Rocks/Rock Cliffs/Rock Cliff 5.fbx
  importAddress: Guid(6d8861f3dd3ad3a4fb0162a75cb991b7) Importer(815301076,1909f56bfc062723c751e8b465ee728b)
Start importing Assets/FullAssets/Proxy Games/Stylized Nature Kit Lite/Meshes/Rocks/Rock Cliffs/Rock Cliff 5.fbx using Guid(6d8861f3dd3ad3a4fb0162a75cb991b7) Importer(815301076,1909f56bfc062723c751e8b465ee728b) (PreviewImporter)MaterialLocation.External is obsolete. External Material Location is no longer supported. (Assets/FullAssets/Proxy Games/Stylized Nature Kit Lite/Meshes/Rocks/Rock Cliffs/Rock Cliff 5.fbx)
 -> (Import Result ID: '0e631449057b7f2b9d46992f86d03ead') in 0.1084363 seconds [static and dynamic dependencies]. Details - ImportResultOutputID=0789e26cb4bb538c5753451a93a1c1fd DependenciesID=4c89349aed8ec84df6011cc5f9cccf3c StaticDependenciesID=b11b0599c04e05076a2d48fbc2374d1c 
Number of updated asset objects reloaded before import = 0Number of asset objects unloaded after import = 27

========================================================================
Received Import Request.
  Time since last request: 119.798888 seconds.
  path: Assets/FullAssets/Proxy Games/Stylized Nature Kit Lite/Scenes/Main Demo Scene/OcclusionCullingData.asset
  importAddress: Guid(bff6dc88bbfda014fbf2e9437dd3151e) Importer(815301076,1909f56bfc062723c751e8b465ee728b)
Start importing Assets/FullAssets/Proxy Games/Stylized Nature Kit Lite/Scenes/Main Demo Scene/OcclusionCullingData.asset using Guid(bff6dc88bbfda014fbf2e9437dd3151e) Importer(815301076,1909f56bfc062723c751e8b465ee728b) (PreviewImporter) -> (Import Result ID: '3e1c5db9bf0b8ec8a202ca40269b1611') in 0.0035146 seconds [static and dynamic dependencies]. Details - ImportResultOutputID=fa6666f46c885bada969173d6ae014ff DependenciesID=ac832474ad67dd0d4978b3edba3f0302 StaticDependenciesID=f7056f35bb67e618f660d7714034624f 
Number of updated asset objects reloaded before import = 0Number of asset objects unloaded after import = 1

========================================================================
Received Import Request.
  Time since last request: 1.457678 seconds.
  path: Assets/FullAssets/Proxy Games/Stylized Nature Kit Lite/Scenes/Showcase Demo Scene/Showcase Demo Scene PP.asset
  importAddress: Guid(65b304ab81f277442b2d11ca6f26724a) Importer(815301076,1909f56bfc062723c751e8b465ee728b)
Start importing Assets/FullAssets/Proxy Games/Stylized Nature Kit Lite/Scenes/Showcase Demo Scene/Showcase Demo Scene PP.asset using Guid(65b304ab81f277442b2d11ca6f26724a) Importer(815301076,1909f56bfc062723c751e8b465ee728b) (PreviewImporter) -> (Import Result ID: 'ecf12d97f230d0cc4655d949b68f2546') in 0.0018019 seconds [static and dynamic dependencies]. Details - ImportResultOutputID=d58795eeb9963d9420e0cf52459cfa6c DependenciesID=13fbc75431a9778df15ea5da552d2b77 StaticDependenciesID=5da1dac5ca4f9c577278050c1c248a53 
Number of updated asset objects reloaded before import = 0Number of asset objects unloaded after import = 1

========================================================================
Received Import Request.
  Time since last request: 923.939957 seconds.
  path: Assets/FullAssets/Proxy Games/Stylized Nature Kit Lite/Meshes/Foliage/Trees/Spruce 2.fbx
  importAddress: Guid(9813ed0b3eddc834a8202f421870eeb2) Importer(815301076,1909f56bfc062723c751e8b465ee728b)
Start importing Assets/FullAssets/Proxy Games/Stylized Nature Kit Lite/Meshes/Foliage/Trees/Spruce 2.fbx using Guid(9813ed0b3eddc834a8202f421870eeb2) Importer(815301076,1909f56bfc062723c751e8b465ee728b) (PreviewImporter)MaterialLocation.External is obsolete. External Material Location is no longer supported. (Assets/FullAssets/Proxy Games/Stylized Nature Kit Lite/Meshes/Foliage/Trees/Spruce 2.fbx)
 -> (Import Result ID: '732e7317c52a2b2985380a7566d6d3e1') in 0.2448824 seconds [static and dynamic dependencies]. Details - ImportResultOutputID=012e09e76dff10679bce80793248312a DependenciesID=2b5cb8248df0ed9bc97fbef1425551e3 StaticDependenciesID=05bc873b48bdc96954931318838508ca 
Number of updated asset objects reloaded before import = 0Number of asset objects unloaded after import = 29

========================================================================
Received Prepare
Begin MonoManager ReloadAssembly
[Licensing::Client] Successfully resolved entitlement details
Assembly Assembly-CSharp-Editor-firstpass.dll at Library/ScriptAssemblies/Assembly-CSharp-Editor-firstpass.dll not valid. Loading of assembly skipped.
Assembly Assembly-CSharp-firstpass.dll at Library/ScriptAssemblies/Assembly-CSharp-firstpass.dll not valid. Loading of assembly skipped.
Assembly DocCodeExamples.dll at Library/ScriptAssemblies/DocCodeExamples.dll not valid. Loading of assembly skipped.
Assembly TestNewCustomAssembly.dll at Library/ScriptAssemblies/TestNewCustomAssembly.dll not valid. Loading of assembly skipped.
Assembly Unity.Collections.BurstCompatibilityGen.dll at Library/ScriptAssemblies/Unity.Collections.BurstCompatibilityGen.dll not valid. Loading of assembly skipped.
Assembly Unity.Collections.DocCodeSamples.dll at Library/ScriptAssemblies/Unity.Collections.DocCodeSamples.dll not valid. Loading of assembly skipped.
Assembly Unity.Collections.PerformanceTests.dll at Library/ScriptAssemblies/Unity.Collections.PerformanceTests.dll not valid. Loading of assembly skipped.
Assembly Unity.Collections.Tests.dll at Library/ScriptAssemblies/Unity.Collections.Tests.dll not valid. Loading of assembly skipped.
Assembly Unity.Collections.Tests.Playmode.dll at Library/ScriptAssemblies/Unity.Collections.Tests.Playmode.dll not valid. Loading of assembly skipped.
Assembly Unity.InputSystem.IntegrationTests.dll at Library/ScriptAssemblies/Unity.InputSystem.IntegrationTests.dll not valid. Loading of assembly skipped.
Assembly Unity.Mathematics.Tests.dll at Library/ScriptAssemblies/Unity.Mathematics.Tests.dll not valid. Loading of assembly skipped.
Assembly Unity.Multiplayer.Center.Editor.Tests.dll at Library/ScriptAssemblies/Unity.Multiplayer.Center.Editor.Tests.dll not valid. Loading of assembly skipped.
Assembly Unity.Multiplayer.Center.Tests.dll at Library/ScriptAssemblies/Unity.Multiplayer.Center.Tests.dll not valid. Loading of assembly skipped.
Assembly Unity.Nuget.Mono-Cecil.dll at Library/ScriptAssemblies/Unity.Nuget.Mono-Cecil.dll not valid. Loading of assembly skipped.
Assembly Unity.PathTracing.Editor.Tests.dll at Library/ScriptAssemblies/Unity.PathTracing.Editor.Tests.dll not valid. Loading of assembly skipped.
Assembly Unity.PathTracing.Runtime.Tests.dll at Library/ScriptAssemblies/Unity.PathTracing.Runtime.Tests.dll not valid. Loading of assembly skipped.
Assembly Unity.RenderPipelines.Core.Editor.Tests.dll at Library/ScriptAssemblies/Unity.RenderPipelines.Core.Editor.Tests.dll not valid. Loading of assembly skipped.
Assembly Unity.RenderPipelines.Core.Runtime.Tests.dll at Library/ScriptAssemblies/Unity.RenderPipelines.Core.Runtime.Tests.dll not valid. Loading of assembly skipped.
Assembly Unity.RenderPipelines.Universal.Config.Editor.Tests.dll at Library/ScriptAssemblies/Unity.RenderPipelines.Universal.Config.Editor.Tests.dll not valid. Loading of assembly skipped.
Assembly Unity.RenderPipelines.Universal.Editor.Tests.dll at Library/ScriptAssemblies/Unity.RenderPipelines.Universal.Editor.Tests.dll not valid. Loading of assembly skipped.
Assembly Unity.RenderPipelines.Universal.Runtime.Tests.dll at Library/ScriptAssemblies/Unity.RenderPipelines.Universal.Runtime.Tests.dll not valid. Loading of assembly skipped.
Assembly Unity.Searcher.EditorTests.dll at Library/ScriptAssemblies/Unity.Searcher.EditorTests.dll not valid. Loading of assembly skipped.
Assembly Unity.ShaderGraph.Editor.Tests.dll at Library/ScriptAssemblies/Unity.ShaderGraph.Editor.Tests.dll not valid. Loading of assembly skipped.
Assembly Unity.TextMeshPro.Editor.Tests.dll at Library/ScriptAssemblies/Unity.TextMeshPro.Editor.Tests.dll not valid. Loading of assembly skipped.
Assembly Unity.TextMeshPro.Tests.dll at Library/ScriptAssemblies/Unity.TextMeshPro.Tests.dll not valid. Loading of assembly skipped.
Assembly Unity.UnifiedRayTracing.Editor.Tests.dll at Library/ScriptAssemblies/Unity.UnifiedRayTracing.Editor.Tests.dll not valid. Loading of assembly skipped.
Assembly UnityEditor.UI.Common.Tests.dll at Library/ScriptAssemblies/UnityEditor.UI.Common.Tests.dll not valid. Loading of assembly skipped.
Assembly UnityEditor.UI.EditorTests.dll at Library/ScriptAssemblies/UnityEditor.UI.EditorTests.dll not valid. Loading of assembly skipped.
Assembly UnityEngine.UI.Tests.dll at Library/ScriptAssemblies/UnityEngine.UI.Tests.dll not valid. Loading of assembly skipped.
Native extension for WindowsStandalone target not found
[Package Manager] Failed to launch server process. Reason: Unity was launched with the -noUpm command-line argument
[Package Manager] Unable to send message (not connected to server process).
[Package Manager] Cannot connect to Unity Package Manager local server
[Package Manager] Failed to launch server process. Reason: Unity was launched with the -noUpm command-line argument
[Package Manager] Unable to send message (not connected to server process).
[Package Manager] Cannot connect to Unity Package Manager local server
ScheduleIndexationOnStartup MainProcess:False IndexOnStartup:True
Mono: successfully reloaded assembly
- Finished resetting the current domain, in  1.101 seconds
Domain Reload Profiling: 5059ms
	BeginReloadAssembly (1020ms)
		DisableScriptedObjects (124ms)
		ReleaseScriptingObjects (3ms)
		CreateAndSetChildDomain (243ms)
	RebuildCommonClasses (161ms)
	RebuildNativeTypeToScriptingClass (13ms)
	initialDomainReloadingComplete (95ms)
	LoadAllAssembliesAndSetupDomain (2667ms)
		LoadAssemblies (2730ms)
		AnalyzeDomain (390ms)
			TypeCache.Refresh (20ms)
			BuildScriptInfoCaches (352ms)
			ResolveRequiredComponents (13ms)
	FinalizeReload (1102ms)
		SetupLoadedEditorAssemblies (0ms)
			BeforeProcessingInitializeOnLoad (181ms)
			ProcessInitializeOnLoadAttributes (501ms)
			ProcessInitializeOnLoadMethodAttributes (97ms)
			AfterProcessingInitializeOnLoad (8ms)
		AwakeInstancesAfterBackupRestoration (21ms)
Refreshing native plugins compatible for Editor in 2.50 ms, found 4 plugins.
Unloading 24 Unused Serialized files (Serialized files now loaded: 0)
Unloading 6538 unused Assets / (5.7 MB). Loaded Objects now: 7420.
Memory consumption went from 164.9 MB to 159.3 MB.
Total: 13.999100 ms (FindLiveObjects: 0.816300 ms CreateObjectMapping: 0.530900 ms MarkObjects: 9.486600 ms  DeleteObjects: 3.164300 ms)

Prepare: number of updated asset objects reloaded= 0
========================================================================
Received Import Request.
  Time since last request: 2755.229839 seconds.
  path: Assets/FullAssets/Proxy Games/Stylized Nature Kit Lite/Meshes/Foliage/Trees/Spruce 2.fbx
  importAddress: Guid(9813ed0b3eddc834a8202f421870eeb2) Importer(815301076,1909f56bfc062723c751e8b465ee728b)
Start importing Assets/FullAssets/Proxy Games/Stylized Nature Kit Lite/Meshes/Foliage/Trees/Spruce 2.fbx using Guid(9813ed0b3eddc834a8202f421870eeb2) Importer(815301076,1909f56bfc062723c751e8b465ee728b) (PreviewImporter)MaterialLocation.External is obsolete. External Material Location is no longer supported. (Assets/FullAssets/Proxy Games/Stylized Nature Kit Lite/Meshes/Foliage/Trees/Spruce 2.fbx)
 -> (Import Result ID: 'ea7bc15ef987c3dff227428cb6c2fc77') in 1.2345854 seconds [static and dynamic dependencies]. Details - ImportResultOutputID=65654ee48e82e597dbb64db02f3cc92d DependenciesID=3e299ea01edf36818c92aac0d6204e81 StaticDependenciesID=05bc873b48bdc96954931318838508ca 
Number of updated asset objects reloaded before import = 0Number of asset objects unloaded after import = 29

========================================================================
Received Import Request.
  Time since last request: 37.668261 seconds.
  path: Assets/FullAssets/Proxy Games/Stylized Nature Kit Lite/Materials/Color Palette.mat
  importAddress: Guid(b725cacc7387b1f4e991c4bdfcd832c8) Importer(815301076,1909f56bfc062723c751e8b465ee728b)
Start importing Assets/FullAssets/Proxy Games/Stylized Nature Kit Lite/Materials/Color Palette.mat using Guid(b725cacc7387b1f4e991c4bdfcd832c8) Importer(815301076,1909f56bfc062723c751e8b465ee728b) (PreviewImporter) -> (Import Result ID: 'b0d5b296547a8b115e48e7e74e040925') in 0.124007 seconds [static and dynamic dependencies]. Details - ImportResultOutputID=0c92f122c3d7ff99a4b2cd73366a172c DependenciesID=06622c9d246269e704aa8f26ee668c37 StaticDependenciesID=c19d8ab11674e966977c018c06d228de 
Number of updated asset objects reloaded before import = 0Number of asset objects unloaded after import = 2

========================================================================
Received Import Request.
  Time since last request: 0.000087 seconds.
  path: Assets/FullAssets/Proxy Games/Stylized Nature Kit Lite/Materials/Grass.mat
  importAddress: Guid(9f69fd57086ff5046914a8b32350a1cb) Importer(815301076,1909f56bfc062723c751e8b465ee728b)
Start importing Assets/FullAssets/Proxy Games/Stylized Nature Kit Lite/Materials/Grass.mat using Guid(9f69fd57086ff5046914a8b32350a1cb) Importer(815301076,1909f56bfc062723c751e8b465ee728b) (PreviewImporter) -> (Import Result ID: 'e165b5516c0517ac403549b8aafc2952') in 0.0498867 seconds [static and dynamic dependencies]. Details - ImportResultOutputID=994e41e475fb889ffcae181a760cc1cf DependenciesID=39178e6498b6075a28ccfd6d82325192 StaticDependenciesID=4f2de7481e6e7d9105a8db2347b18057 
Number of updated asset objects reloaded before import = 0Number of asset objects unloaded after import = 2

========================================================================
Received Import Request.
  Time since last request: 0.000037 seconds.
  path: Assets/FullAssets/Proxy Games/Stylized Nature Kit Lite/Materials/Spruce Tree Branch.mat
  importAddress: Guid(9c0a1cda53d749f40a30a84ed1657377) Importer(815301076,1909f56bfc062723c751e8b465ee728b)
Start importing Assets/FullAssets/Proxy Games/Stylized Nature Kit Lite/Materials/Spruce Tree Branch.mat using Guid(9c0a1cda53d749f40a30a84ed1657377) Importer(815301076,1909f56bfc062723c751e8b465ee728b) (PreviewImporter) -> (Import Result ID: 'db7c66110d49bce2e15b3beed40d2574') in 0.0323064 seconds [static and dynamic dependencies]. Details - ImportResultOutputID=a701e3aa6ec1aa2360d34e2ee7c6ed40 DependenciesID=9510fd5d40bc06bdf74c5ba5b9426b11 StaticDependenciesID=50c6033ebda007fffe40a1bf876f3852 
Number of updated asset objects reloaded before import = 0Number of asset objects unloaded after import = 2

========================================================================
Received Import Request.
  Time since last request: 0.000029 seconds.
  path: Assets/FullAssets/Proxy Games/Stylized Nature Kit Lite/Materials/Grid.mat
  importAddress: Guid(bf347159a764ca24981a4a8fdde2dcec) Importer(815301076,1909f56bfc062723c751e8b465ee728b)
Start importing Assets/FullAssets/Proxy Games/Stylized Nature Kit Lite/Materials/Grid.mat using Guid(bf347159a764ca24981a4a8fdde2dcec) Importer(815301076,1909f56bfc062723c751e8b465ee728b) (PreviewImporter) -> (Import Result ID: '36f32952d8e5ce3c4f37660a758f1df3') in 0.0319222 seconds [static and dynamic dependencies]. Details - ImportResultOutputID=704f49869be4c02911492d7a05132b42 DependenciesID=0ee78fc737116373e669e502df07c35e StaticDependenciesID=4e54784f552be040b627da25f886eb88 
Number of updated asset objects reloaded before import = 0Number of asset objects unloaded after import = 1

Editor requested this worker to shutdown with reason: Scaling down because of idle timeout
AssetImportWorker is now disconnected from the server
Process exiting
Exiting without the bug reporter. Application will terminate with return code 0